mobile/build/intermediates/manifest_merge_blame_file/debug/processDebugMainManifest/manifest-merger-blame-debug-report.txt
1<?xml version="1.0" encoding="utf-8"?>
2<manifest xmlns:android="http://schemas.android.com/apk/res/android"
3    package="com.example.housinghub"
4    android:versionCode="1"
5    android:versionName="1.0" >
6
7    <uses-sdk
8        android:minSdkVersion="30"
9        android:targetSdkVersion="34" />
10
11    <uses-permission android:name="android.permission.INTERNET" />
11-->src\main\AndroidManifest.xml:5:5-67
11-->src\main\AndroidManifest.xml:5:22-64
12    <uses-permission android:name="android.permission.ACCESS_NETWORK_STATE" />
12-->src\main\AndroidManifest.xml:6:5-79
12-->src\main\AndroidManifest.xml:6:22-76
13    <uses-permission android:name="android.permission.SCHEDULE_EXACT_ALARM" />
13-->src\main\AndroidManifest.xml:7:5-79
13-->src\main\AndroidManifest.xml:7:22-76
14    <uses-permission android:name="android.permission.POST_NOTIFICATIONS" />
14-->src\main\AndroidManifest.xml:8:5-77
14-->src\main\AndroidManifest.xml:8:22-74
15    <uses-permission android:name="android.permission.WAKE_LOCK" />
15-->[androidx.work:work-runtime:2.9.1] AndroidManifest.xml:23:5-68
15-->[androidx.work:work-runtime:2.9.1] AndroidManifest.xml:23:22-65
16    <uses-permission android:name="android.permission.RECEIVE_BOOT_COMPLETED" />
16-->[androidx.work:work-runtime:2.9.1] AndroidManifest.xml:25:5-81
16-->[androidx.work:work-runtime:2.9.1] AndroidManifest.xml:25:22-78
17    <uses-permission android:name="android.permission.FOREGROUND_SERVICE" />
17-->[androidx.work:work-runtime:2.9.1] AndroidManifest.xml:26:5-77
17-->[androidx.work:work-runtime:2.9.1] AndroidManifest.xml:26:22-74
18
19    <permission
19-->[androidx.core:core:1.13.1] AndroidManifest.xml:22:5-24:47
20        android:name="com.example.housinghub.DYNAMIC_RECEIVER_NOT_EXPORTED_PERMISSION"
20-->[androidx.core:core:1.13.1] AndroidManifest.xml:23:9-81
21        android:protectionLevel="signature" />
21-->[androidx.core:core:1.13.1] AndroidManifest.xml:24:9-44
22
23    <uses-permission android:name="com.example.housinghub.DYNAMIC_RECEIVER_NOT_EXPORTED_PERMISSION" />
23-->[androidx.core:core:1.13.1] AndroidManifest.xml:26:5-97
23-->[androidx.core:core:1.13.1] AndroidManifest.xml:26:22-94
24
25    <application
25-->src\main\AndroidManifest.xml:10:5-42:19
26        android:allowBackup="true"
26-->src\main\AndroidManifest.xml:11:9-35
27        android:appComponentFactory="androidx.core.app.CoreComponentFactory"
27-->[androidx.core:core:1.13.1] AndroidManifest.xml:28:18-86
28        android:dataExtractionRules="@xml/data_extraction_rules"
28-->src\main\AndroidManifest.xml:12:9-65
29        android:debuggable="true"
30        android:extractNativeLibs="false"
31        android:fullBackupContent="@xml/backup_rules"
31-->src\main\AndroidManifest.xml:13:9-54
32        android:icon="@mipmap/ic_launcher"
32-->src\main\AndroidManifest.xml:14:9-43
33        android:label="@string/app_name"
33-->src\main\AndroidManifest.xml:15:9-41
34        android:roundIcon="@mipmap/ic_launcher_round"
34-->src\main\AndroidManifest.xml:16:9-54
35        android:supportsRtl="true"
35-->src\main\AndroidManifest.xml:17:9-35
36        android:testOnly="true"
37        android:theme="@style/Theme.HousingHub"
37-->src\main\AndroidManifest.xml:18:9-48
38        android:usesCleartextTraffic="true" >
38-->src\main\AndroidManifest.xml:19:9-44
39        <receiver
39-->src\main\AndroidManifest.xml:21:9-22:38
40            android:name="com.example.housinghub.Notification"
40-->src\main\AndroidManifest.xml:21:19-47
41            android:enabled="true" />
41-->src\main\AndroidManifest.xml:22:13-35
42
43        <activity
43-->src\main\AndroidManifest.xml:23:9-26:59
44            android:name="com.example.housinghub.HomeActivity"
44-->src\main\AndroidManifest.xml:24:13-41
45            android:exported="false"
45-->src\main\AndroidManifest.xml:25:13-37
46            android:label="@string/title_activity_home" />
46-->src\main\AndroidManifest.xml:26:13-56
47        <activity
47-->src\main\AndroidManifest.xml:27:9-29:40
48            android:name="com.example.housinghub.SignupActivity"
48-->src\main\AndroidManifest.xml:28:13-43
49            android:exported="false" />
49-->src\main\AndroidManifest.xml:29:13-37
50        <activity
50-->src\main\AndroidManifest.xml:30:9-32:40
51            android:name="com.example.housinghub.SigninActivity"
51-->src\main\AndroidManifest.xml:31:13-43
52            android:exported="false" />
52-->src\main\AndroidManifest.xml:32:13-37
53        <activity
53-->src\main\AndroidManifest.xml:33:9-41:20
54            android:name="com.example.housinghub.MainActivity"
54-->src\main\AndroidManifest.xml:34:13-41
55            android:exported="true" >
55-->src\main\AndroidManifest.xml:35:13-36
56            <intent-filter>
56-->src\main\AndroidManifest.xml:36:13-40:29
57                <action android:name="android.intent.action.MAIN" />
57-->src\main\AndroidManifest.xml:37:17-69
57-->src\main\AndroidManifest.xml:37:25-66
58
59                <category android:name="android.intent.category.LAUNCHER" />
59-->src\main\AndroidManifest.xml:39:17-77
59-->src\main\AndroidManifest.xml:39:27-74
60            </intent-filter>
61        </activity>
62        <activity
62-->[com.google.android.gms:play-services-base:18.5.0] AndroidManifest.xml:5:9-173
63            android:name="com.google.android.gms.common.api.GoogleApiActivity"
63-->[com.google.android.gms:play-services-base:18.5.0] AndroidManifest.xml:5:19-85
64            android:exported="false"
64-->[com.google.android.gms:play-services-base:18.5.0] AndroidManifest.xml:5:146-170
65            android:theme="@android:style/Theme.Translucent.NoTitleBar" />
65-->[com.google.android.gms:play-services-base:18.5.0] AndroidManifest.xml:5:86-145
66
67        <meta-data
67-->[com.google.android.gms:play-services-basement:18.4.0] AndroidManifest.xml:6:9-122
68            android:name="com.google.android.gms.version"
68-->[com.google.android.gms:play-services-basement:18.4.0] AndroidManifest.xml:6:20-65
69            android:value="@integer/google_play_services_version" />
69-->[com.google.android.gms:play-services-basement:18.4.0] AndroidManifest.xml:6:66-119
70
71        <provider
71-->[androidx.work:work-runtime:2.9.1] AndroidManifest.xml:29:9-37:20
72            android:name="androidx.startup.InitializationProvider"
72-->[androidx.work:work-runtime:2.9.1] AndroidManifest.xml:30:13-67
73            android:authorities="com.example.housinghub.androidx-startup"
73-->[androidx.work:work-runtime:2.9.1] AndroidManifest.xml:31:13-68
74            android:exported="false" >
74-->[androidx.work:work-runtime:2.9.1] AndroidManifest.xml:32:13-37
75            <meta-data
75-->[androidx.work:work-runtime:2.9.1] AndroidManifest.xml:34:13-36:52
76                android:name="androidx.work.WorkManagerInitializer"
76-->[androidx.work:work-runtime:2.9.1] AndroidManifest.xml:35:17-68
77                android:value="androidx.startup" />
77-->[androidx.work:work-runtime:2.9.1] AndroidManifest.xml:36:17-49
78            <meta-data
78-->[androidx.emoji2:emoji2:1.3.0] AndroidManifest.xml:29:13-31:52
79                android:name="androidx.emoji2.text.EmojiCompatInitializer"
79-->[androidx.emoji2:emoji2:1.3.0] AndroidManifest.xml:30:17-75
80                android:value="androidx.startup" />
80-->[androidx.emoji2:emoji2:1.3.0] AndroidManifest.xml:31:17-49
81            <meta-data
81-->[androidx.lifecycle:lifecycle-process:2.8.4] AndroidManifest.xml:29:13-31:52
82                android:name="androidx.lifecycle.ProcessLifecycleInitializer"
82-->[androidx.lifecycle:lifecycle-process:2.8.4] AndroidManifest.xml:30:17-78
83                android:value="androidx.startup" />
83-->[androidx.lifecycle:lifecycle-process:2.8.4] AndroidManifest.xml:31:17-49
84            <meta-data
84-->[androidx.profileinstaller:profileinstaller:1.3.1] AndroidManifest.xml:29:13-31:52
85                android:name="androidx.profileinstaller.ProfileInstallerInitializer"
85-->[androidx.profileinstaller:profileinstaller:1.3.1] AndroidManifest.xml:30:17-85
86                android:value="androidx.startup" />
86-->[androidx.profileinstaller:profileinstaller:1.3.1] AndroidManifest.xml:31:17-49
87        </provider>
88
89        <service
89-->[androidx.work:work-runtime:2.9.1] AndroidManifest.xml:39:9-45:35
90            android:name="androidx.work.impl.background.systemalarm.SystemAlarmService"
90-->[androidx.work:work-runtime:2.9.1] AndroidManifest.xml:40:13-88
91            android:directBootAware="false"
91-->[androidx.work:work-runtime:2.9.1] AndroidManifest.xml:41:13-44
92            android:enabled="@bool/enable_system_alarm_service_default"
92-->[androidx.work:work-runtime:2.9.1] AndroidManifest.xml:42:13-72
93            android:exported="false" />
93-->[androidx.work:work-runtime:2.9.1] AndroidManifest.xml:43:13-37
94        <service
94-->[androidx.work:work-runtime:2.9.1] AndroidManifest.xml:46:9-52:35
95            android:name="androidx.work.impl.background.systemjob.SystemJobService"
95-->[androidx.work:work-runtime:2.9.1] AndroidManifest.xml:47:13-84
96            android:directBootAware="false"
96-->[androidx.work:work-runtime:2.9.1] AndroidManifest.xml:48:13-44
97            android:enabled="@bool/enable_system_job_service_default"
97-->[androidx.work:work-runtime:2.9.1] AndroidManifest.xml:49:13-70
98            android:exported="true"
98-->[androidx.work:work-runtime:2.9.1] AndroidManifest.xml:50:13-36
99            android:permission="android.permission.BIND_JOB_SERVICE" />
99-->[androidx.work:work-runtime:2.9.1] AndroidManifest.xml:51:13-69
100        <service
100-->[androidx.work:work-runtime:2.9.1] AndroidManifest.xml:53:9-59:35
101            android:name="androidx.work.impl.foreground.SystemForegroundService"
101-->[androidx.work:work-runtime:2.9.1] AndroidManifest.xml:54:13-81
102            android:directBootAware="false"
102-->[androidx.work:work-runtime:2.9.1] AndroidManifest.xml:55:13-44
103            android:enabled="@bool/enable_system_foreground_service_default"
103-->[androidx.work:work-runtime:2.9.1] AndroidManifest.xml:56:13-77
104            android:exported="false" />
104-->[androidx.work:work-runtime:2.9.1] AndroidManifest.xml:57:13-37
105
106        <receiver
106-->[androidx.work:work-runtime:2.9.1] AndroidManifest.xml:61:9-66:35
107            android:name="androidx.work.impl.utils.ForceStopRunnable$BroadcastReceiver"
107-->[androidx.work:work-runtime:2.9.1] AndroidManifest.xml:62:13-88
108            android:directBootAware="false"
108-->[androidx.work:work-runtime:2.9.1] AndroidManifest.xml:63:13-44
109            android:enabled="true"
109-->[androidx.work:work-runtime:2.9.1] AndroidManifest.xml:64:13-35
110            android:exported="false" />
110-->[androidx.work:work-runtime:2.9.1] AndroidManifest.xml:65:13-37
111        <receiver
111-->[androidx.work:work-runtime:2.9.1] AndroidManifest.xml:67:9-77:20
112            android:name="androidx.work.impl.background.systemalarm.ConstraintProxy$BatteryChargingProxy"
112-->[androidx.work:work-runtime:2.9.1] AndroidManifest.xml:68:13-106
113            android:directBootAware="false"
113-->[androidx.work:work-runtime:2.9.1] AndroidManifest.xml:69:13-44
114            android:enabled="false"
114-->[androidx.work:work-runtime:2.9.1] AndroidManifest.xml:70:13-36
115            android:exported="false" >
115-->[androidx.work:work-runtime:2.9.1] AndroidManifest.xml:71:13-37
116            <intent-filter>
116-->[androidx.work:work-runtime:2.9.1] AndroidManifest.xml:73:13-76:29
117                <action android:name="android.intent.action.ACTION_POWER_CONNECTED" />
117-->[androidx.work:work-runtime:2.9.1] AndroidManifest.xml:74:17-87
117-->[androidx.work:work-runtime:2.9.1] AndroidManifest.xml:74:25-84
118                <action android:name="android.intent.action.ACTION_POWER_DISCONNECTED" />
118-->[androidx.work:work-runtime:2.9.1] AndroidManifest.xml:75:17-90
118-->[androidx.work:work-runtime:2.9.1] AndroidManifest.xml:75:25-87
119            </intent-filter>
120        </receiver>
121        <receiver
121-->[androidx.work:work-runtime:2.9.1] AndroidManifest.xml:78:9-88:20
122            android:name="androidx.work.impl.background.systemalarm.ConstraintProxy$BatteryNotLowProxy"
122-->[androidx.work:work-runtime:2.9.1] AndroidManifest.xml:79:13-104
123            android:directBootAware="false"
123-->[androidx.work:work-runtime:2.9.1] AndroidManifest.xml:80:13-44
124            android:enabled="false"
124-->[androidx.work:work-runtime:2.9.1] AndroidManifest.xml:81:13-36
125            android:exported="false" >
125-->[androidx.work:work-runtime:2.9.1] AndroidManifest.xml:82:13-37
126            <intent-filter>
126-->[androidx.work:work-runtime:2.9.1] AndroidManifest.xml:84:13-87:29
127                <action android:name="android.intent.action.BATTERY_OKAY" />
127-->[androidx.work:work-runtime:2.9.1] AndroidManifest.xml:85:17-77
127-->[androidx.work:work-runtime:2.9.1] AndroidManifest.xml:85:25-74
128                <action android:name="android.intent.action.BATTERY_LOW" />
128-->[androidx.work:work-runtime:2.9.1] AndroidManifest.xml:86:17-76
128-->[androidx.work:work-runtime:2.9.1] AndroidManifest.xml:86:25-73
129            </intent-filter>
130        </receiver>
131        <receiver
131-->[androidx.work:work-runtime:2.9.1] AndroidManifest.xml:89:9-99:20
132            android:name="androidx.work.impl.background.systemalarm.ConstraintProxy$StorageNotLowProxy"
132-->[androidx.work:work-runtime:2.9.1] AndroidManifest.xml:90:13-104
133            android:directBootAware="false"
133-->[androidx.work:work-runtime:2.9.1] AndroidManifest.xml:91:13-44
134            android:enabled="false"
134-->[androidx.work:work-runtime:2.9.1] AndroidManifest.xml:92:13-36
135            android:exported="false" >
135-->[androidx.work:work-runtime:2.9.1] AndroidManifest.xml:93:13-37
136            <intent-filter>
136-->[androidx.work:work-runtime:2.9.1] AndroidManifest.xml:95:13-98:29
137                <action android:name="android.intent.action.DEVICE_STORAGE_LOW" />
137-->[androidx.work:work-runtime:2.9.1] AndroidManifest.xml:96:17-83
137-->[androidx.work:work-runtime:2.9.1] AndroidManifest.xml:96:25-80
138                <action android:name="android.intent.action.DEVICE_STORAGE_OK" />
138-->[androidx.work:work-runtime:2.9.1] AndroidManifest.xml:97:17-82
138-->[androidx.work:work-runtime:2.9.1] AndroidManifest.xml:97:25-79
139            </intent-filter>
140        </receiver>
141        <receiver
141-->[androidx.work:work-runtime:2.9.1] AndroidManifest.xml:100:9-109:20
142            android:name="androidx.work.impl.background.systemalarm.ConstraintProxy$NetworkStateProxy"
142-->[androidx.work:work-runtime:2.9.1] AndroidManifest.xml:101:13-103
143            android:directBootAware="false"
143-->[androidx.work:work-runtime:2.9.1] AndroidManifest.xml:102:13-44
144            android:enabled="false"
144-->[androidx.work:work-runtime:2.9.1] AndroidManifest.xml:103:13-36
145            android:exported="false" >
145-->[androidx.work:work-runtime:2.9.1] AndroidManifest.xml:104:13-37
146            <intent-filter>
146-->[androidx.work:work-runtime:2.9.1] AndroidManifest.xml:106:13-108:29
147                <action android:name="android.net.conn.CONNECTIVITY_CHANGE" />
147-->[androidx.work:work-runtime:2.9.1] AndroidManifest.xml:107:17-79
147-->[androidx.work:work-runtime:2.9.1] AndroidManifest.xml:107:25-76
148            </intent-filter>
149        </receiver>
150        <receiver
150-->[androidx.work:work-runtime:2.9.1] AndroidManifest.xml:110:9-121:20
151            android:name="androidx.work.impl.background.systemalarm.RescheduleReceiver"
151-->[androidx.work:work-runtime:2.9.1] AndroidManifest.xml:111:13-88
152            android:directBootAware="false"
152-->[androidx.work:work-runtime:2.9.1] AndroidManifest.xml:112:13-44
153            android:enabled="false"
153-->[androidx.work:work-runtime:2.9.1] AndroidManifest.xml:113:13-36
154            android:exported="false" >
154-->[androidx.work:work-runtime:2.9.1] AndroidManifest.xml:114:13-37
155            <intent-filter>
155-->[androidx.work:work-runtime:2.9.1] AndroidManifest.xml:116:13-120:29
156                <action android:name="android.intent.action.BOOT_COMPLETED" />
156-->[androidx.work:work-runtime:2.9.1] AndroidManifest.xml:117:17-79
156-->[androidx.work:work-runtime:2.9.1] AndroidManifest.xml:117:25-76
157                <action android:name="android.intent.action.TIME_SET" />
157-->[androidx.work:work-runtime:2.9.1] AndroidManifest.xml:118:17-73
157-->[androidx.work:work-runtime:2.9.1] AndroidManifest.xml:118:25-70
158                <action android:name="android.intent.action.TIMEZONE_CHANGED" />
158-->[androidx.work:work-runtime:2.9.1] AndroidManifest.xml:119:17-81
158-->[androidx.work:work-runtime:2.9.1] AndroidManifest.xml:119:25-78
159            </intent-filter>
160        </receiver>
161        <receiver
161-->[androidx.work:work-runtime:2.9.1] AndroidManifest.xml:122:9-131:20
162            android:name="androidx.work.impl.background.systemalarm.ConstraintProxyUpdateReceiver"
162-->[androidx.work:work-runtime:2.9.1] AndroidManifest.xml:123:13-99
163            android:directBootAware="false"
163-->[androidx.work:work-runtime:2.9.1] AndroidManifest.xml:124:13-44
164            android:enabled="@bool/enable_system_alarm_service_default"
164-->[androidx.work:work-runtime:2.9.1] AndroidManifest.xml:125:13-72
165            android:exported="false" >
165-->[androidx.work:work-runtime:2.9.1] AndroidManifest.xml:126:13-37
166            <intent-filter>
166-->[androidx.work:work-runtime:2.9.1] AndroidManifest.xml:128:13-130:29
167                <action android:name="androidx.work.impl.background.systemalarm.UpdateProxies" />
167-->[androidx.work:work-runtime:2.9.1] AndroidManifest.xml:129:17-98
167-->[androidx.work:work-runtime:2.9.1] AndroidManifest.xml:129:25-95
168            </intent-filter>
169        </receiver>
170        <receiver
170-->[androidx.work:work-runtime:2.9.1] AndroidManifest.xml:132:9-142:20
171            android:name="androidx.work.impl.diagnostics.DiagnosticsReceiver"
171-->[androidx.work:work-runtime:2.9.1] AndroidManifest.xml:133:13-78
172            android:directBootAware="false"
172-->[androidx.work:work-runtime:2.9.1] AndroidManifest.xml:134:13-44
173            android:enabled="true"
173-->[androidx.work:work-runtime:2.9.1] AndroidManifest.xml:135:13-35
174            android:exported="true"
174-->[androidx.work:work-runtime:2.9.1] AndroidManifest.xml:136:13-36
175            android:permission="android.permission.DUMP" >
175-->[androidx.work:work-runtime:2.9.1] AndroidManifest.xml:137:13-57
176            <intent-filter>
176-->[androidx.work:work-runtime:2.9.1] AndroidManifest.xml:139:13-141:29
177                <action android:name="androidx.work.diagnostics.REQUEST_DIAGNOSTICS" />
177-->[androidx.work:work-runtime:2.9.1] AndroidManifest.xml:140:17-88
177-->[androidx.work:work-runtime:2.9.1] AndroidManifest.xml:140:25-85
178            </intent-filter>
179        </receiver>
180
181        <uses-library
181-->[androidx.window:window:1.0.0] AndroidManifest.xml:25:9-27:40
182            android:name="androidx.window.extensions"
182-->[androidx.window:window:1.0.0] AndroidManifest.xml:26:13-54
183            android:required="false" />
183-->[androidx.window:window:1.0.0] AndroidManifest.xml:27:13-37
184        <uses-library
184-->[androidx.window:window:1.0.0] AndroidManifest.xml:28:9-30:40
185            android:name="androidx.window.sidecar"
185-->[androidx.window:window:1.0.0] AndroidManifest.xml:29:13-51
186            android:required="false" />
186-->[androidx.window:window:1.0.0] AndroidManifest.xml:30:13-37
187
188        <service
188-->[androidx.room:room-runtime:2.5.0] AndroidManifest.xml:24:9-28:63
189            android:name="androidx.room.MultiInstanceInvalidationService"
189-->[androidx.room:room-runtime:2.5.0] AndroidManifest.xml:25:13-74
190            android:directBootAware="true"
190-->[androidx.room:room-runtime:2.5.0] AndroidManifest.xml:26:13-43
191            android:exported="false" />
191-->[androidx.room:room-runtime:2.5.0] AndroidManifest.xml:27:13-37
192
193        <receiver
193-->[androidx.profileinstaller:profileinstaller:1.3.1] AndroidManifest.xml:34:9-52:20
194            android:name="androidx.profileinstaller.ProfileInstallReceiver"
194-->[androidx.profileinstaller:profileinstaller:1.3.1] AndroidManifest.xml:35:13-76
195            android:directBootAware="false"
195-->[androidx.profileinstaller:profileinstaller:1.3.1] AndroidManifest.xml:36:13-44
196            android:enabled="true"
196-->[androidx.profileinstaller:profileinstaller:1.3.1] AndroidManifest.xml:37:13-35
197            android:exported="true"
197-->[androidx.profileinstaller:profileinstaller:1.3.1] AndroidManifest.xml:38:13-36
198            android:permission="android.permission.DUMP" >
198-->[androidx.profileinstaller:profileinstaller:1.3.1] AndroidManifest.xml:39:13-57
199            <intent-filter>
199-->[androidx.profileinstaller:profileinstaller:1.3.1] AndroidManifest.xml:40:13-42:29
200                <action android:name="androidx.profileinstaller.action.INSTALL_PROFILE" />
200-->[androidx.profileinstaller:profileinstaller:1.3.1] AndroidManifest.xml:41:17-91
200-->[androidx.profileinstaller:profileinstaller:1.3.1] AndroidManifest.xml:41:25-88
201            </intent-filter>
202            <intent-filter>
202-->[androidx.profileinstaller:profileinstaller:1.3.1] AndroidManifest.xml:43:13-45:29
203                <action android:name="androidx.profileinstaller.action.SKIP_FILE" />
203-->[androidx.profileinstaller:profileinstaller:1.3.1] AndroidManifest.xml:44:17-85
203-->[androidx.profileinstaller:profileinstaller:1.3.1] AndroidManifest.xml:44:25-82
204            </intent-filter>
205            <intent-filter>
205-->[androidx.profileinstaller:profileinstaller:1.3.1] AndroidManifest.xml:46:13-48:29
206                <action android:name="androidx.profileinstaller.action.SAVE_PROFILE" />
206-->[androidx.profileinstaller:profileinstaller:1.3.1] AndroidManifest.xml:47:17-88
206-->[androidx.profileinstaller:profileinstaller:1.3.1] AndroidManifest.xml:47:25-85
207            </intent-filter>
208            <intent-filter>
208-->[androidx.profileinstaller:profileinstaller:1.3.1] AndroidManifest.xml:49:13-51:29
209                <action android:name="androidx.profileinstaller.action.BENCHMARK_OPERATION" />
209-->[androidx.profileinstaller:profileinstaller:1.3.1] AndroidManifest.xml:50:17-95
209-->[androidx.profileinstaller:profileinstaller:1.3.1] AndroidManifest.xml:50:25-92
210            </intent-filter>
211        </receiver>
212    </application>
213
214</manifest>